# JRE version: Java(TM) SE Runtime Environment (8.0_31-b13) (build 1.8.0_31-b13)
# Java VM: Java HotSpot(TM) 64-Bit Server VM (25.31-b07 mixed mode windows-amd64 compressed oops)
Heap:
 PSYoungGen      total 336896K, used 269127K [0x00000000eb600000, 0x0000000100000000, 0x0000000100000000)
  eden space 336384K, 80% used [0x00000000eb600000,0x00000000fbcd1f98,0x00000000ffe80000)
  from space 512K, 0% used [0x00000000ffe80000,0x00000000ffe80000,0x00000000fff00000)
  to   space 1024K, 0% used [0x00000000fff00000,0x00000000fff00000,0x0000000100000000)
 ParOldGen       total 189952K, used 103857K [0x00000000c2200000, 0x00000000cdb80000, 0x00000000eb600000)
  object space 189952K, 54% used [0x00000000c2200000,0x00000000c876c7b0,0x00000000cdb80000)
 Metaspace       used 19966K, capacity 20348K, committed 20480K, reserved 1069056K
  class space    used 1634K, capacity 1768K, committed 1792K, reserved 1048576K
GC Heap History (10 events):
Event: 45.036 GC heap before
{Heap before GC invocations=38 (full 0):
 PSYoungGen      total 252928K, used 252672K [0x00000000eb600000, 0x00000000fff80000, 0x0000000100000000)
  eden space 252416K, 100% used [0x00000000eb600000,0x00000000fac80000,0x00000000fac80000)
  from space 512K, 50% used [0x00000000ffe80000,0x00000000ffec0000,0x00000000fff00000)
  to   space 512K, 0% used [0x00000000fff00000,0x00000000fff00000,0x00000000fff80000)
 ParOldGen       total 42496K, used 2196K [0x00000000c2200000, 0x00000000c4b80000, 0x00000000eb600000)
  object space 42496K, 5% used [0x00000000c2200000,0x00000000c24250b0,0x00000000c4b80000)
 Metaspace       used 9245K, capacity 9520K, committed 9728K, reserved 1058816K
  class space    used 1115K, capacity 1253K, committed 1280K, reserved 1048576K
Event: 45.060 GC heap after
Heap after GC invocations=38 (full 0):
 PSYoungGen      total 241152K, used 448K [0x00000000eb600000, 0x00000000fff80000, 0x0000000100000000)
  eden space 240640K, 0% used [0x00000000eb600000,0x00000000eb600000,0x00000000fa100000)
  from space 512K, 87% used [0x00000000fff00000,0x00000000fff70000,0x00000000fff80000)
  to   space 512K, 0% used [0x00000000ffe80000,0x00000000ffe80000,0x00000000fff00000)
 ParOldGen       total 42496K, used 3424K [0x00000000c2200000, 0x00000000c4b80000, 0x00000000eb600000)
  object space 42496K, 8% used [0x00000000c2200000,0x00000000c2558040,0x00000000c4b80000)
 Metaspace       used 9245K, capacity 9520K, committed 9728K, reserved 1058816K
  class space    used 1115K, capacity 1253K, committed 1280K, reserved 1048576K
}
Event: 46.851 GC heap before
{Heap before GC invocations=39 (full 0):
 PSYoungGen      total 241152K, used 241088K [0x00000000eb600000, 0x00000000fff80000, 0x0000000100000000)
  eden space 240640K, 100% used [0x00000000eb600000,0x00000000fa100000,0x00000000fa100000)
  from space 512K, 87% used [0x00000000fff00000,0x00000000fff70000,0x00000000fff80000)
  to   space 512K, 0% used [0x00000000ffe80000,0x00000000ffe80000,0x00000000fff00000)
 ParOldGen       total 42496K, used 3424K [0x00000000c2200000, 0x00000000c4b80000, 0x00000000eb600000)
  object space 42496K, 8% used [0x00000000c2200000,0x00000000c2558040,0x00000000c4b80000)
 Metaspace       used 9251K, capacity 9584K, committed 9728K, reserved 1058816K
  class space    used 1115K, capacity 1253K, committed 1280K, reserved 1048576K
Event: 46.876 GC heap after
Heap after GC invocations=39 (full 0):
 PSYoungGen      total 229888K, used 144K [0x00000000eb600000, 0x00000000fff80000, 0x0000000100000000)
  eden space 229376K, 0% used [0x00000000eb600000,0x00000000eb600000,0x00000000f9600000)
  from space 512K, 28% used [0x00000000ffe80000,0x00000000ffea4010,0x00000000fff00000)
  to   space 512K, 0% used [0x00000000fff00000,0x00000000fff00000,0x00000000fff80000)
 ParOldGen       total 42496K, used 3648K [0x00000000c2200000, 0x00000000c4b80000, 0x00000000eb600000)
  object space 42496K, 8% used [0x00000000c2200000,0x00000000c2590040,0x00000000c4b80000)
 Metaspace       used 9251K, capacity 9584K, committed 9728K, reserved 1058816K
  class space    used 1115K, capacity 1253K, committed 1280K, reserved 1048576K
}
Event: 48.454 GC heap before
{Heap before GC invocations=40 (full 0):
 PSYoungGen      total 229888K, used 229520K [0x00000000eb600000, 0x00000000fff80000, 0x0000000100000000)
  eden space 229376K, 100% used [0x00000000eb600000,0x00000000f9600000,0x00000000f9600000)
  from space 512K, 28% used [0x00000000ffe80000,0x00000000ffea4010,0x00000000fff00000)
  to   space 512K, 0% used [0x00000000fff00000,0x00000000fff00000,0x00000000fff80000)
 ParOldGen       total 42496K, used 3648K [0x00000000c2200000, 0x00000000c4b80000, 0x00000000eb600000)
  object space 42496K, 8% used [0x00000000c2200000,0x00000000c2590040,0x00000000c4b80000)
 Metaspace       used 9253K, capacity 9584K, committed 9728K, reserved 1058816K
  class space    used 1115K, capacity 1253K, committed 1280K, reserved 1048576K
Event: 48.497 GC heap after
Heap after GC invocations=40 (full 0):
 PSYoungGen      total 287232K, used 144K [0x00000000eb600000, 0x00000000fff80000, 0x0000000100000000)
  eden space 286720K, 0% used [0x00000000eb600000,0x00000000eb600000,0x00000000fce00000)
  from space 512K, 28% used [0x00000000fff00000,0x00000000fff24010,0x00000000fff80000)
  to   space 512K, 0% used [0x00000000ffe80000,0x00000000ffe80000,0x00000000fff00000)
 ParOldGen       total 42496K, used 3656K [0x00000000c2200000, 0x00000000c4b80000, 0x00000000eb600000)
  object space 42496K, 8% used [0x00000000c2200000,0x00000000c2592040,0x00000000c4b80000)
 Metaspace       used 9253K, capacity 9584K, committed 9728K, reserved 1058816K
  class space    used 1115K, capacity 1253K, committed 1280K, reserved 1048576K
}
Event: 59.158 GC heap before
{Heap before GC invocations=41 (full 0):
 PSYoungGen      total 287232K, used 286864K [0x00000000eb600000, 0x00000000fff80000, 0x0000000100000000)
  eden space 286720K, 100% used [0x00000000eb600000,0x00000000fce00000,0x00000000fce00000)
  from space 512K, 28% used [0x00000000fff00000,0x00000000fff24010,0x00000000fff80000)
  to   space 512K, 0% used [0x00000000ffe80000,0x00000000ffe80000,0x00000000fff00000)
 ParOldGen       total 42496K, used 3656K [0x00000000c2200000, 0x00000000c4b80000, 0x00000000eb600000)
  object space 42496K, 8% used [0x00000000c2200000,0x00000000c2592040,0x00000000c4b80000)
 Metaspace       used 19963K, capacity 20292K, committed 20480K, reserved 1069056K
  class space    used 1636K, capacity 1770K, committed 1792K, reserved 1048576K
Event: 59.732 GC heap after
Heap after GC invocations=41 (full 0):
 PSYoungGen      total 336896K, used 512K [0x00000000eb600000, 0x0000000100000000, 0x0000000100000000)
  eden space 336384K, 0% used [0x00000000eb600000,0x00000000eb600000,0x00000000ffe80000)
  from space 512K, 100% used [0x00000000ffe80000,0x00000000fff00000,0x00000000fff00000)
  to   space 1024K, 0% used [0x00000000fff00000,0x00000000fff00000,0x0000000100000000)
 ParOldGen       total 163840K, used 163784K [0x00000000c2200000, 0x00000000cc200000, 0x00000000eb600000)
  object space 163840K, 99% used [0x00000000c2200000,0x00000000cc1f2060,0x00000000cc200000)
 Metaspace       used 19963K, capacity 20292K, committed 20480K, reserved 1069056K
  class space    used 1636K, capacity 1770K, committed 1792K, reserved 1048576K
}
Event: 59.732 GC heap before
{Heap before GC invocations=42 (full 1):
 PSYoungGen      total 336896K, used 512K [0x00000000eb600000, 0x0000000100000000, 0x0000000100000000)
  eden space 336384K, 0% used [0x00000000eb600000,0x00000000eb600000,0x00000000ffe80000)
  from space 512K, 100% used [0x00000000ffe80000,0x00000000fff00000,0x00000000fff00000)
  to   space 1024K, 0% used [0x00000000fff00000,0x00000000fff00000,0x0000000100000000)
 ParOldGen       total 163840K, used 163784K [0x00000000c2200000, 0x00000000cc200000, 0x00000000eb600000)
  object space 163840K, 99% used [0x00000000c2200000,0x00000000cc1f2060,0x00000000cc200000)
 Metaspace       used 19963K, capacity 20292K, committed 20480K, reserved 1069056K
  class space    used 1636K, capacity 1770K, committed 1792K, reserved 1048576K
Event: 62.033 GC heap after
Heap after GC invocations=42 (full 1):
 PSYoungGen      total 336896K, used 0K [0x00000000eb600000, 0x0000000100000000, 0x0000000100000000)
  eden space 336384K, 0% used [0x00000000eb600000,0x00000000eb600000,0x00000000ffe80000)
  from space 512K, 0% used [0x00000000ffe80000,0x00000000ffe80000,0x00000000fff00000)
  to   space 1024K, 0% used [0x00000000fff00000,0x00000000fff00000,0x0000000100000000)
 ParOldGen       total 189952K, used 103857K [0x00000000c2200000, 0x00000000cdb80000, 0x00000000eb600000)
  object space 189952K, 54% used [0x00000000c2200000,0x00000000c876c7b0,0x00000000cdb80000)
 Metaspace       used 19959K, capacity 20284K, committed 20480K, reserved 1069056K
  class space    used 1634K, capacity 1768K, committed 1792K, reserved 1048576K
}

